Using pre-set license
Built from '2020.3/staging' branch; Version is '2020.3.19f1 (68f137dc9bbe) revision 6877495'; Using compiler version '192528614'; Build Type 'Release'
OS: 'Windows 10 Home Single Language; OS build 19042.1110; Version 2009; 64bit' Language: 'tr' Physical Memory: 16272 MB
BatchMode: 1, IsHumanControllingUs: 0, StartBugReporterOnCrash: 0, Is64bit: 1, IsPro: 0

COMMAND LINE ARGUMENTS:
D:\Unity\2020.3.19f1\Editor\Unity.exe
-adb2
-batchMode
-noUpm
-name
AssetImportWorker0
-projectPath
D:/Unity My Projects/Last-Stand-Win/Last Stand Win
-logFile
Logs/AssetImportWorker0.log
-srvPort
60041
Successfully changed project path to: D:/Unity My Projects/Last-Stand-Win/Last Stand Win
D:/Unity My Projects/Last-Stand-Win/Last Stand Win
Using Asset Import Pipeline V2.
Refreshing native plugins compatible for Editor in 28.91 ms, found 2 plugins.
Preloading 0 native plugins for Editor in 0.00 ms.
Initialize engine version: 2020.3.19f1 (68f137dc9bbe)
[Subsystems] Discovering subsystems at path D:/Unity/2020.3.19f1/Editor/Data/Resources/UnitySubsystems
[Subsystems] Discovering subsystems at path D:/Unity My Projects/Last-Stand-Win/Last Stand Win/Assets
GfxDevice: creating device client; threaded=0
Direct3D:
    Version:  Direct3D 11.0 [level 11.1]
    Renderer: NVIDIA GeForce GTX 1050 Ti (ID=0x1c8c)
    Vendor:   
    VRAM:     4018 MB
    Driver:   30.0.14.7196
Initialize mono
Mono path[0] = 'D:/Unity/2020.3.19f1/Editor/Data/Managed'
Mono path[1] = 'D:/Unity/2020.3.19f1/Editor/Data/MonoBleedingEdge/lib/mono/unityjit'
Mono config path = 'D:/Unity/2020.3.19f1/Editor/Data/MonoBleedingEdge/etc'
Using monoOptions --debugger-agent=transport=dt_socket,embedding=1,server=y,suspend=n,address=127.0.0.1:56924
Begin MonoManager ReloadAssembly
Registering precompiled unity dll's ...
Register platform support module: D:/Unity/2020.3.19f1/Editor/Data/PlaybackEngines/WindowsStandaloneSupport/UnityEditor.WindowsStandalone.Extensions.dll
Registered in 0.001312 seconds.
Native extension for WindowsStandalone target not found
Refreshing native plugins compatible for Editor in 29.67 ms, found 2 plugins.
Preloading 0 native plugins for Editor in 0.00 ms.
Mono: successfully reloaded assembly
- Completed reload, in  1.238 seconds
Domain Reload Profiling:
	ReloadAssembly (1238ms)
		BeginReloadAssembly (71ms)
			ExecutionOrderSort (0ms)
			DisableScriptedObjects (0ms)
			BackupInstance (0ms)
			ReleaseScriptingObjects (0ms)
			CreateAndSetChildDomain (1ms)
		EndReloadAssembly (430ms)
			LoadAssemblies (70ms)
			RebuildTransferFunctionScriptingTraits (0ms)
			SetupTypeCache (183ms)
			ReleaseScriptCaches (0ms)
			RebuildScriptCaches (29ms)
			SetupLoadedEditorAssemblies (151ms)
				LogAssemblyErrors (0ms)
				InitializePlatformSupportModulesInManaged (4ms)
				SetLoadedEditorAssemblies (0ms)
				RefreshPlugins (30ms)
				BeforeProcessingInitializeOnLoad (8ms)
				ProcessInitializeOnLoadAttributes (78ms)
				ProcessInitializeOnLoadMethodAttributes (32ms)
				AfterProcessingInitializeOnLoad (0ms)
				EditorAssembliesLoaded (0ms)
			ExecutionOrderSort2 (0ms)
			AwakeInstancesAfterBackupRestoration (0ms)
Platform modules already initialized, skipping
Registering precompiled user dll's ...
Registered in 0.002706 seconds.
Begin MonoManager ReloadAssembly
Native extension for WindowsStandalone target not found
Refreshing native plugins compatible for Editor in 0.66 ms, found 2 plugins.
Preloading 0 native plugins for Editor in 0.00 ms.
Mono: successfully reloaded assembly
- Completed reload, in  1.300 seconds
Domain Reload Profiling:
	ReloadAssembly (1301ms)
		BeginReloadAssembly (190ms)
			ExecutionOrderSort (0ms)
			DisableScriptedObjects (5ms)
			BackupInstance (0ms)
			ReleaseScriptingObjects (0ms)
			CreateAndSetChildDomain (22ms)
		EndReloadAssembly (1045ms)
			LoadAssemblies (128ms)
			RebuildTransferFunctionScriptingTraits (0ms)
			SetupTypeCache (361ms)
			ReleaseScriptCaches (1ms)
			RebuildScriptCaches (63ms)
			SetupLoadedEditorAssemblies (374ms)
				LogAssemblyErrors (0ms)
				InitializePlatformSupportModulesInManaged (7ms)
				SetLoadedEditorAssemblies (1ms)
				RefreshPlugins (1ms)
				BeforeProcessingInitializeOnLoad (64ms)
				ProcessInitializeOnLoadAttributes (291ms)
				ProcessInitializeOnLoadMethodAttributes (7ms)
				AfterProcessingInitializeOnLoad (3ms)
				EditorAssembliesLoaded (0ms)
			ExecutionOrderSort2 (0ms)
			AwakeInstancesAfterBackupRestoration (8ms)
Platform modules already initialized, skipping
========================================================================
Worker process is ready to serve import requests
Launched and connected shader compiler UnityShaderCompiler.exe after 0.30 seconds
Refreshing native plugins compatible for Editor in 0.64 ms, found 2 plugins.
Preloading 0 native plugins for Editor in 0.00 ms.
Unloading 1399 Unused Serialized files (Serialized files now loaded: 0)
System memory in use before: 64.9 MB.
System memory in use after: 65.0 MB.

Unloading 16 unused Assets to reduce memory usage. Loaded Objects now: 1836.
Total: 6.965400 ms (FindLiveObjects: 0.445000 ms CreateObjectMapping: 0.137400 ms MarkObjects: 6.264600 ms  DeleteObjects: 0.116100 ms)

AssetImportParameters requested are different than current active one (requested -> active):
  custom:framework-win-MediaFoundation: 216162199b28c13a410421893ffa2e32 -> 
  custom:video-decoder-ogg-theora: a1e56fd34408186e4bbccfd4996cb3dc -> 
  custom:container-muxer-webm: aa71ff27fc2769a1b78a27578f13a17b -> 
  custom:container-demuxer-webm: 4f35f7cbe854078d1ac9338744f61a02 -> 
  custom:container-demuxer-ogg: 62fdf1f143b41e24485cea50d1cbac27 -> 
  custom:video-encoder-webm-vp8: eb34c28f22e8b96e1ab97ce403110664 -> 
  custom:video-decoder-webm-vp8: 9c59270c3fd7afecdb556c50c9e8de78 -> 
  custom:audio-decoder-ogg-vorbis: bf7c407c2cedff20999df2af8eb42d56 -> 
  custom:audio-encoder-webm-vorbis: bf7c407c2cedff20999df2af8eb42d56 -> 
========================================================================
Received Import Request.
  path: ProjectSettings/TagManager.asset
  artifactKey: Guid(00000000000000003000000000000000) Importer(815301076,1909f56bfc062723c751e8b465ee728b)
Start importing ProjectSettings/TagManager.asset using Guid(00000000000000003000000000000000) Importer(815301076,1909f56bfc062723c751e8b465ee728b)  -> (artifact id: '2acc30046c02e7fa4e3aee936da92687') in 0.029493 seconds 
  Import took 0.031674 seconds .

========================================================================
Received Import Request.
  Time since last request: 31.045360 seconds.
  path: Assets/Course Library/Materials
  artifactKey: Guid(67444a00f5debcc419dec94f2c9e94a3) Importer(815301076,1909f56bfc062723c751e8b465ee728b)
Start importing Assets/Course Library/Materials using Guid(67444a00f5debcc419dec94f2c9e94a3) Importer(815301076,1909f56bfc062723c751e8b465ee728b)  -> (artifact id: '0bac8d9e568a3cefb58be2861b1455fc') in 0.006822 seconds 
  Import took 0.008891 seconds .

========================================================================
Received Import Request.
  Time since last request: 0.316450 seconds.
  path: Assets/Course Library/Materials/Akatsuki_clouds.mat
  artifactKey: Guid(70cb04168b9f5144b8fcbbf48254489d) Importer(815301076,1909f56bfc062723c751e8b465ee728b)
Start importing Assets/Course Library/Materials/Akatsuki_clouds.mat using Guid(70cb04168b9f5144b8fcbbf48254489d) Importer(815301076,1909f56bfc062723c751e8b465ee728b)  -> (artifact id: 'a6c67f3b251b84e1baa21683c05bb99e') in 0.105511 seconds 
  Import took 0.107564 seconds .

========================================================================
Received Import Request.
  Time since last request: 0.000266 seconds.
  path: Assets/Course Library/Materials/PolygonPrototype_Texture_Grid_04.mat
  artifactKey: Guid(fb1c7e8d88402464c996b686889af387) Importer(815301076,1909f56bfc062723c751e8b465ee728b)
Start importing Assets/Course Library/Materials/PolygonPrototype_Texture_Grid_04.mat using Guid(fb1c7e8d88402464c996b686889af387) Importer(815301076,1909f56bfc062723c751e8b465ee728b)  -> (artifact id: 'b79be5189354cd87542385af3245936f') in 0.016549 seconds 
  Import took 0.018577 seconds .

========================================================================
Received Import Request.
  Time since last request: 0.000291 seconds.
  path: Assets/Course Library/Materials/PolygonPrototype_Texture_Grid_Glass_01.mat
  artifactKey: Guid(c61c1285bc8130d49ac21d0309355fd3) Importer(815301076,1909f56bfc062723c751e8b465ee728b)
Start importing Assets/Course Library/Materials/PolygonPrototype_Texture_Grid_Glass_01.mat using Guid(c61c1285bc8130d49ac21d0309355fd3) Importer(815301076,1909f56bfc062723c751e8b465ee728b)  -> (artifact id: '752b1a667dbbe81fe0847eb8e7a6d067') in 0.011219 seconds 
  Import took 0.013528 seconds .

========================================================================
Received Import Request.
  Time since last request: 0.000251 seconds.
  path: Assets/Course Library/Materials/PolygonPrototype_Texture_Grid_08.mat
  artifactKey: Guid(4e73f14e98e12ca40bcddcaf60612d2a) Importer(815301076,1909f56bfc062723c751e8b465ee728b)
Start importing Assets/Course Library/Materials/PolygonPrototype_Texture_Grid_08.mat using Guid(4e73f14e98e12ca40bcddcaf60612d2a) Importer(815301076,1909f56bfc062723c751e8b465ee728b)  -> (artifact id: '43ed679b401f0858708ce6843d1b2d22') in 0.011877 seconds 
  Import took 0.014166 seconds .

========================================================================
Received Import Request.
  Time since last request: 0.000248 seconds.
  path: Assets/Course Library/Materials/PolygonPrototype_Texture_Grid_02.mat
  artifactKey: Guid(5aa0ae3af02fca84881481161ea7cc5a) Importer(815301076,1909f56bfc062723c751e8b465ee728b)
Start importing Assets/Course Library/Materials/PolygonPrototype_Texture_Grid_02.mat using Guid(5aa0ae3af02fca84881481161ea7cc5a) Importer(815301076,1909f56bfc062723c751e8b465ee728b)  -> (artifact id: '6fd72ddf5bbac06a2ec28516a8f25dc5') in 0.013436 seconds 
  Import took 0.016158 seconds .

========================================================================
Received Import Request.
  Time since last request: 3.280617 seconds.
  path: Assets/Course Library/Materials/Materials
  artifactKey: Guid(9c8af94c6759715489de7f0b609b1137) Importer(815301076,1909f56bfc062723c751e8b465ee728b)
Start importing Assets/Course Library/Materials/Materials using Guid(9c8af94c6759715489de7f0b609b1137) Importer(815301076,1909f56bfc062723c751e8b465ee728b)  -> (artifact id: 'c0c6676a9955b1a7a3e698bd44915aa5') in 0.001771 seconds 
  Import took 0.004460 seconds .

========================================================================
Received Import Request.
  Time since last request: 0.075721 seconds.
  path: Assets/Course Library/Materials/Materials/png-clipart-sharingan-all-files-mangekyou-sharingan-art-thumbnail.mat
  artifactKey: Guid(2cf426c9a0d4cf449970a9c5ed80618c) Importer(815301076,1909f56bfc062723c751e8b465ee728b)
Start importing Assets/Course Library/Materials/Materials/png-clipart-sharingan-all-files-mangekyou-sharingan-art-thumbnail.mat using Guid(2cf426c9a0d4cf449970a9c5ed80618c) Importer(815301076,1909f56bfc062723c751e8b465ee728b)  -> (artifact id: 'd1f75a567660b1c20624af2af7c3dec4') in 0.012276 seconds 
  Import took 0.014435 seconds .

========================================================================
Received Import Request.
  Time since last request: 11.693446 seconds.
  path: Assets/Course Library/Materials/Rasengan覺ms覺.mat
  artifactKey: Guid(2838fcde6bfcace4198cce0c7e5b01cc) Importer(815301076,1909f56bfc062723c751e8b465ee728b)
Start importing Assets/Course Library/Materials/Rasengan覺ms覺.mat using Guid(2838fcde6bfcace4198cce0c7e5b01cc) Importer(815301076,1909f56bfc062723c751e8b465ee728b)  -> (artifact id: '627f266ee0ba107f9fad29d2e28658be') in 0.010724 seconds 
  Import took 0.014250 seconds .

========================================================================
Received Import Request.
  Time since last request: 218.127240 seconds.
  path: Assets/Course Library/Materials/5950121e3830cefcb5d5c685198686ba.jpg
  artifactKey: Guid(77f69ef2d45b2b743b1146a0b14fe7ac) Importer(815301076,1909f56bfc062723c751e8b465ee728b)
Start importing Assets/Course Library/Materials/5950121e3830cefcb5d5c685198686ba.jpg using Guid(77f69ef2d45b2b743b1146a0b14fe7ac) Importer(815301076,1909f56bfc062723c751e8b465ee728b)  -> (artifact id: 'a3cfc3b361c1bb40f686907004969179') in 0.026507 seconds 
  Import took 0.029399 seconds .

========================================================================
Received Import Request.
  Time since last request: 36.222440 seconds.
  path: Assets/Course Library/Materials/5950121e3830cefcb5d5c685198686ba.jpg
  artifactKey: Guid(77f69ef2d45b2b743b1146a0b14fe7ac) Importer(815301076,1909f56bfc062723c751e8b465ee728b)
Start importing Assets/Course Library/Materials/5950121e3830cefcb5d5c685198686ba.jpg using Guid(77f69ef2d45b2b743b1146a0b14fe7ac) Importer(815301076,1909f56bfc062723c751e8b465ee728b)  -> (artifact id: 'f9c356f506f092cb7ba8a059338d607b') in 0.010567 seconds 
  Import took 0.012829 seconds .

========================================================================
Received Import Request.
  Time since last request: 5.039333 seconds.
  path: Assets/Course Library/Materials/5950121e3830cefcb5d5c685198686ba.jpg
  artifactKey: Guid(77f69ef2d45b2b743b1146a0b14fe7ac) Importer(815301076,1909f56bfc062723c751e8b465ee728b)
Start importing Assets/Course Library/Materials/5950121e3830cefcb5d5c685198686ba.jpg using Guid(77f69ef2d45b2b743b1146a0b14fe7ac) Importer(815301076,1909f56bfc062723c751e8b465ee728b)  -> (artifact id: '33a8918c6b2910b38f832331b6ca1270') in 0.010826 seconds 
  Import took 0.013041 seconds .

========================================================================
Received Import Request.
  Time since last request: 2.522820 seconds.
  path: Assets/Course Library/Materials/5950121e3830cefcb5d5c685198686ba.jpg
  artifactKey: Guid(77f69ef2d45b2b743b1146a0b14fe7ac) Importer(815301076,1909f56bfc062723c751e8b465ee728b)
Start importing Assets/Course Library/Materials/5950121e3830cefcb5d5c685198686ba.jpg using Guid(77f69ef2d45b2b743b1146a0b14fe7ac) Importer(815301076,1909f56bfc062723c751e8b465ee728b)  -> (artifact id: '28a100b17c405724c171500a76019cf3') in 0.010905 seconds 
  Import took 0.013446 seconds .

========================================================================
Received Import Request.
  Time since last request: 2.693800 seconds.
  path: Assets/Course Library/Materials/5950121e3830cefcb5d5c685198686ba.jpg
  artifactKey: Guid(77f69ef2d45b2b743b1146a0b14fe7ac) Importer(815301076,1909f56bfc062723c751e8b465ee728b)
Start importing Assets/Course Library/Materials/5950121e3830cefcb5d5c685198686ba.jpg using Guid(77f69ef2d45b2b743b1146a0b14fe7ac) Importer(815301076,1909f56bfc062723c751e8b465ee728b)  -> (artifact id: 'dd8b0c29826cdc697796ea25c86dd9cb') in 0.010994 seconds 
  Import took 0.013267 seconds .

========================================================================
Received Import Request.
  Time since last request: 12.020230 seconds.
  path: Assets/Course Library/Materials/5950121e3830cefcb5d5c685198686ba.jpg
  artifactKey: Guid(77f69ef2d45b2b743b1146a0b14fe7ac) Importer(815301076,1909f56bfc062723c751e8b465ee728b)
Start importing Assets/Course Library/Materials/5950121e3830cefcb5d5c685198686ba.jpg using Guid(77f69ef2d45b2b743b1146a0b14fe7ac) Importer(815301076,1909f56bfc062723c751e8b465ee728b)  -> (artifact id: 'a89413224a2f047b0379b659b8addfba') in 0.074347 seconds 
  Import took 0.076487 seconds .

========================================================================
Received Import Request.
  Time since last request: 5.055790 seconds.
  path: Assets/Course Library/Materials/5950121e3830cefcb5d5c685198686ba.jpg
  artifactKey: Guid(77f69ef2d45b2b743b1146a0b14fe7ac) Importer(815301076,1909f56bfc062723c751e8b465ee728b)
Start importing Assets/Course Library/Materials/5950121e3830cefcb5d5c685198686ba.jpg using Guid(77f69ef2d45b2b743b1146a0b14fe7ac) Importer(815301076,1909f56bfc062723c751e8b465ee728b)  -> (artifact id: '5da37b6ce602f956beedb53519a119b6') in 0.022961 seconds 
  Import took 0.025173 seconds .

========================================================================
Received Import Request.
  Time since last request: 27.835586 seconds.
  path: Assets/Course Library/Materials/PngItem_3981325.png
  artifactKey: Guid(9a3b41d766649ac4686cf68dbcc6fd79) Importer(815301076,1909f56bfc062723c751e8b465ee728b)
Start importing Assets/Course Library/Materials/PngItem_3981325.png using Guid(9a3b41d766649ac4686cf68dbcc6fd79) Importer(815301076,1909f56bfc062723c751e8b465ee728b)  -> (artifact id: 'e23bc11dd39029108e530ec288730ab5') in 0.016107 seconds 
  Import took 0.018394 seconds .

========================================================================
Received Prepare
Registering precompiled user dll's ...
Registered in 0.002734 seconds.
Begin MonoManager ReloadAssembly
Native extension for WindowsStandalone target not found
Refreshing native plugins compatible for Editor in 0.29 ms, found 2 plugins.
Preloading 0 native plugins for Editor in 0.00 ms.
Mono: successfully reloaded assembly
- Completed reload, in  0.904 seconds
Domain Reload Profiling:
	ReloadAssembly (905ms)
		BeginReloadAssembly (109ms)
			ExecutionOrderSort (0ms)
			DisableScriptedObjects (3ms)
			BackupInstance (0ms)
			ReleaseScriptingObjects (0ms)
			CreateAndSetChildDomain (30ms)
		EndReloadAssembly (738ms)
			LoadAssemblies (90ms)
			RebuildTransferFunctionScriptingTraits (0ms)
			SetupTypeCache (242ms)
			ReleaseScriptCaches (1ms)
			RebuildScriptCaches (36ms)
			SetupLoadedEditorAssemblies (277ms)
				LogAssemblyErrors (0ms)
				InitializePlatformSupportModulesInManaged (5ms)
				SetLoadedEditorAssemblies (0ms)
				RefreshPlugins (0ms)
				BeforeProcessingInitializeOnLoad (36ms)
				ProcessInitializeOnLoadAttributes (226ms)
				ProcessInitializeOnLoadMethodAttributes (5ms)
				AfterProcessingInitializeOnLoad (4ms)
				EditorAssembliesLoaded (0ms)
			ExecutionOrderSort2 (0ms)
			AwakeInstancesAfterBackupRestoration (11ms)
Platform modules already initialized, skipping
Refreshing native plugins compatible for Editor in 0.31 ms, found 2 plugins.
Preloading 0 native plugins for Editor in 0.00 ms.
Unloading 1393 Unused Serialized files (Serialized files now loaded: 0)
System memory in use before: 68.2 MB.
System memory in use after: 68.3 MB.

Unloading 12 unused Assets to reduce memory usage. Loaded Objects now: 1886.
Total: 2.402400 ms (FindLiveObjects: 0.130300 ms CreateObjectMapping: 0.063300 ms MarkObjects: 2.194100 ms  DeleteObjects: 0.013800 ms)

AssetImportParameters requested are different than current active one (requested -> active):
  custom:framework-win-MediaFoundation: 216162199b28c13a410421893ffa2e32 -> 
  custom:video-decoder-ogg-theora: a1e56fd34408186e4bbccfd4996cb3dc -> 
  custom:container-muxer-webm: aa71ff27fc2769a1b78a27578f13a17b -> 
  custom:container-demuxer-webm: 4f35f7cbe854078d1ac9338744f61a02 -> 
  custom:container-demuxer-ogg: 62fdf1f143b41e24485cea50d1cbac27 -> 
  custom:video-encoder-webm-vp8: eb34c28f22e8b96e1ab97ce403110664 -> 
  custom:video-decoder-webm-vp8: 9c59270c3fd7afecdb556c50c9e8de78 -> 
  custom:audio-decoder-ogg-vorbis: bf7c407c2cedff20999df2af8eb42d56 -> 
  custom:audio-encoder-webm-vorbis: bf7c407c2cedff20999df2af8eb42d56 -> 
========================================================================
Received Prepare
Registering precompiled user dll's ...
Registered in 0.002468 seconds.
Begin MonoManager ReloadAssembly
Native extension for WindowsStandalone target not found
Refreshing native plugins compatible for Editor in 0.28 ms, found 2 plugins.
Preloading 0 native plugins for Editor in 0.00 ms.
Mono: successfully reloaded assembly
- Completed reload, in  0.822 seconds
Domain Reload Profiling:
	ReloadAssembly (822ms)
		BeginReloadAssembly (115ms)
			ExecutionOrderSort (0ms)
			DisableScriptedObjects (4ms)
			BackupInstance (0ms)
			ReleaseScriptingObjects (0ms)
			CreateAndSetChildDomain (27ms)
		EndReloadAssembly (657ms)
			LoadAssemblies (88ms)
			RebuildTransferFunctionScriptingTraits (0ms)
			SetupTypeCache (243ms)
			ReleaseScriptCaches (1ms)
			RebuildScriptCaches (36ms)
			SetupLoadedEditorAssemblies (217ms)
				LogAssemblyErrors (0ms)
				InitializePlatformSupportModulesInManaged (4ms)
				SetLoadedEditorAssemblies (0ms)
				RefreshPlugins (0ms)
				BeforeProcessingInitializeOnLoad (37ms)
				ProcessInitializeOnLoadAttributes (169ms)
				ProcessInitializeOnLoadMethodAttributes (4ms)
				AfterProcessingInitializeOnLoad (2ms)
				EditorAssembliesLoaded (0ms)
			ExecutionOrderSort2 (0ms)
			AwakeInstancesAfterBackupRestoration (6ms)
Platform modules already initialized, skipping
Refreshing native plugins compatible for Editor in 0.29 ms, found 2 plugins.
Preloading 0 native plugins for Editor in 0.00 ms.
Unloading 1393 Unused Serialized files (Serialized files now loaded: 0)
System memory in use before: 68.3 MB.
System memory in use after: 68.4 MB.

Unloading 11 unused Assets to reduce memory usage. Loaded Objects now: 1888.
Total: 2.647600 ms (FindLiveObjects: 0.125600 ms CreateObjectMapping: 0.043000 ms MarkObjects: 2.464700 ms  DeleteObjects: 0.013500 ms)

AssetImportParameters requested are different than current active one (requested -> active):
  custom:framework-win-MediaFoundation: 216162199b28c13a410421893ffa2e32 -> 
  custom:video-decoder-ogg-theora: a1e56fd34408186e4bbccfd4996cb3dc -> 
  custom:container-muxer-webm: aa71ff27fc2769a1b78a27578f13a17b -> 
  custom:container-demuxer-webm: 4f35f7cbe854078d1ac9338744f61a02 -> 
  custom:container-demuxer-ogg: 62fdf1f143b41e24485cea50d1cbac27 -> 
  custom:video-encoder-webm-vp8: eb34c28f22e8b96e1ab97ce403110664 -> 
  custom:video-decoder-webm-vp8: 9c59270c3fd7afecdb556c50c9e8de78 -> 
  custom:audio-decoder-ogg-vorbis: bf7c407c2cedff20999df2af8eb42d56 -> 
  custom:audio-encoder-webm-vorbis: bf7c407c2cedff20999df2af8eb42d56 -> 
========================================================================
Received Import Request.
  Time since last request: 201.276317 seconds.
  path: Assets/New Folder
  artifactKey: Guid(912425646354ed340a9c66ea536fad80) Importer(815301076,1909f56bfc062723c751e8b465ee728b)
Start importing Assets/New Folder using Guid(912425646354ed340a9c66ea536fad80) Importer(815301076,1909f56bfc062723c751e8b465ee728b)  -> (artifact id: '05283aa6a5f956f2aa4ccbc833412801') in 0.006807 seconds 
  Import took 0.008748 seconds .

========================================================================
Received Import Request.
  Time since last request: 1.796894 seconds.
  path: Assets/Scenes
  artifactKey: Guid(4d3e510f12bd8b84db179dfd0cd8db61) Importer(815301076,1909f56bfc062723c751e8b465ee728b)
Start importing Assets/Scenes using Guid(4d3e510f12bd8b84db179dfd0cd8db61) Importer(815301076,1909f56bfc062723c751e8b465ee728b)  -> (artifact id: '1bbf3f9f454b3e88c35c9366b357c328') in 0.005507 seconds 
  Import took 0.007798 seconds .

========================================================================
Received Import Request.
  Time since last request: 0.697991 seconds.
  path: Assets/Scripts
  artifactKey: Guid(37fae96767a11cc4eb78806150b39818) Importer(815301076,1909f56bfc062723c751e8b465ee728b)
Start importing Assets/Scripts using Guid(37fae96767a11cc4eb78806150b39818) Importer(815301076,1909f56bfc062723c751e8b465ee728b)  -> (artifact id: 'c3a0006366eb776cdb32e43919063b0b') in 0.005689 seconds 
  Import took 0.008558 seconds .

========================================================================
Received Import Request.
  Time since last request: 24.288536 seconds.
  path: Assets/Course Library/Materials/Bounce.physicMaterial
  artifactKey: Guid(900d525f0fa959a479f4bd96222451d1) Importer(815301076,1909f56bfc062723c751e8b465ee728b)
Start importing Assets/Course Library/Materials/Bounce.physicMaterial using Guid(900d525f0fa959a479f4bd96222451d1) Importer(815301076,1909f56bfc062723c751e8b465ee728b)  -> (artifact id: '32fcc432fbea6cc6fd84d17de27858ad') in 0.013677 seconds 
  Import took 0.016085 seconds .

========================================================================
Received Import Request.
  Time since last request: 27.113568 seconds.
  path: Assets/Course Library/Materials/Physic Material
  artifactKey: Guid(8378f0933a7703d4f9a742d6f1eebd1a) Importer(815301076,1909f56bfc062723c751e8b465ee728b)
Start importing Assets/Course Library/Materials/Physic Material using Guid(8378f0933a7703d4f9a742d6f1eebd1a) Importer(815301076,1909f56bfc062723c751e8b465ee728b)  -> (artifact id: 'd1e8b7ef11b51d303056f306c8f13ebe') in 0.005469 seconds 
  Import took 0.007614 seconds .

========================================================================
Received Prepare
Registering precompiled user dll's ...
Registered in 0.002873 seconds.
Begin MonoManager ReloadAssembly
Native extension for WindowsStandalone target not found
Refreshing native plugins compatible for Editor in 0.30 ms, found 2 plugins.
Preloading 0 native plugins for Editor in 0.00 ms.
Mono: successfully reloaded assembly
- Completed reload, in  0.837 seconds
Domain Reload Profiling:
	ReloadAssembly (837ms)
		BeginReloadAssembly (103ms)
			ExecutionOrderSort (0ms)
			DisableScriptedObjects (4ms)
			BackupInstance (0ms)
			ReleaseScriptingObjects (0ms)
			CreateAndSetChildDomain (29ms)
		EndReloadAssembly (684ms)
			LoadAssemblies (91ms)
			RebuildTransferFunctionScriptingTraits (0ms)
			SetupTypeCache (255ms)
			ReleaseScriptCaches (1ms)
			RebuildScriptCaches (35ms)
			SetupLoadedEditorAssemblies (231ms)
				LogAssemblyErrors (0ms)
				InitializePlatformSupportModulesInManaged (4ms)
				SetLoadedEditorAssemblies (0ms)
				RefreshPlugins (0ms)
				BeforeProcessingInitializeOnLoad (38ms)
				ProcessInitializeOnLoadAttributes (181ms)
				ProcessInitializeOnLoadMethodAttributes (4ms)
				AfterProcessingInitializeOnLoad (2ms)
				EditorAssembliesLoaded (0ms)
			ExecutionOrderSort2 (0ms)
			AwakeInstancesAfterBackupRestoration (6ms)
Platform modules already initialized, skipping
Refreshing native plugins compatible for Editor in 0.27 ms, found 2 plugins.
Preloading 0 native plugins for Editor in 0.00 ms.
Unloading 1393 Unused Serialized files (Serialized files now loaded: 0)
System memory in use before: 68.3 MB.
System memory in use after: 68.4 MB.

Unloading 11 unused Assets to reduce memory usage. Loaded Objects now: 1890.
Total: 2.766800 ms (FindLiveObjects: 0.164400 ms CreateObjectMapping: 0.042300 ms MarkObjects: 2.541600 ms  DeleteObjects: 0.016900 ms)

AssetImportParameters requested are different than current active one (requested -> active):
  custom:framework-win-MediaFoundation: 216162199b28c13a410421893ffa2e32 -> 
  custom:video-decoder-ogg-theora: a1e56fd34408186e4bbccfd4996cb3dc -> 
  custom:container-muxer-webm: aa71ff27fc2769a1b78a27578f13a17b -> 
  custom:container-demuxer-webm: 4f35f7cbe854078d1ac9338744f61a02 -> 
  custom:container-demuxer-ogg: 62fdf1f143b41e24485cea50d1cbac27 -> 
  custom:video-encoder-webm-vp8: eb34c28f22e8b96e1ab97ce403110664 -> 
  custom:video-decoder-webm-vp8: 9c59270c3fd7afecdb556c50c9e8de78 -> 
  custom:audio-decoder-ogg-vorbis: bf7c407c2cedff20999df2af8eb42d56 -> 
  custom:audio-encoder-webm-vorbis: bf7c407c2cedff20999df2af8eb42d56 -> 
========================================================================
Received Import Request.
  Time since last request: 98.279935 seconds.
  path: Assets/Scripts/RotateCamera.cs
  artifactKey: Guid(9e13d6b66c8ee4c4fb4af8c4dcfb0dc0) Importer(815301076,1909f56bfc062723c751e8b465ee728b)
Start importing Assets/Scripts/RotateCamera.cs using Guid(9e13d6b66c8ee4c4fb4af8c4dcfb0dc0) Importer(815301076,1909f56bfc062723c751e8b465ee728b)  -> (artifact id: 'acd1142e4267986de3a0a8c2f5bac2b9') in 0.009630 seconds 
  Import took 0.011697 seconds .

AssetImportWorkerClient::OnTransportError - code=2 error=End of file
